<?xml version="1.0" encoding="UTF-8"?>
<testng-results ignored="0" total="2" passed="2" failed="0" skipped="0">
  <reporter-output>
  </reporter-output>
  <suite started-at="2020-12-14T15:06:51Z" name="Gmail Test Suit" finished-at="2020-12-14T15:07:15Z" duration-ms="24110">
    <groups>
    </groups>
    <test started-at="2020-12-14T15:06:51Z" name="Test" finished-at="2020-12-14T15:07:15Z" duration-ms="24110">
      <class name="com.TC.GmailTest">
        <test-method is-config="true" signature="setup()[pri:0, instance:com.TC.GmailTest@13acb0d1]" started-at="2020-12-14T15:06:51Z" name="setup" finished-at="2020-12-14T15:06:54Z" duration-ms="3672" status="PASS">
          <reporter-output>
          </reporter-output>
        </test-method> <!-- setup -->
        <test-method signature="gmailTest()[pri:0, instance:com.TC.GmailTest@13acb0d1]" started-at="2020-12-14T15:06:54Z" name="gmailTest" finished-at="2020-12-14T15:07:02Z" duration-ms="8111" status="PASS">
          <reporter-output>
          </reporter-output>
        </test-method> <!-- gmailTest -->
        <test-method is-config="true" signature="tearDown()[pri:0, instance:com.TC.GmailTest@13acb0d1]" started-at="2020-12-14T15:07:02Z" name="tearDown" finished-at="2020-12-14T15:07:03Z" duration-ms="624" status="PASS">
          <reporter-output>
          </reporter-output>
        </test-method> <!-- tearDown -->
        <test-method is-config="true" signature="setup()[pri:0, instance:com.TC.GmailTest@13acb0d1]" started-at="2020-12-14T15:07:03Z" name="setup" finished-at="2020-12-14T15:07:06Z" duration-ms="3103" status="PASS">
          <reporter-output>
          </reporter-output>
        </test-method> <!-- setup -->
        <test-method signature="gmailTest1()[pri:0, instance:com.TC.GmailTest@13acb0d1]" started-at="2020-12-14T15:07:06Z" name="gmailTest1" finished-at="2020-12-14T15:07:14Z" duration-ms="7919" status="PASS">
          <reporter-output>
          </reporter-output>
        </test-method> <!-- gmailTest1 -->
        <test-method is-config="true" signature="tearDown()[pri:0, instance:com.TC.GmailTest@13acb0d1]" started-at="2020-12-14T15:07:14Z" name="tearDown" finished-at="2020-12-14T15:07:15Z" duration-ms="652" status="PASS">
          <reporter-output>
          </reporter-output>
        </test-method> <!-- tearDown -->
      </class> <!-- com.TC.GmailTest -->
    </test> <!-- Test -->
  </suite> <!-- Gmail Test Suit -->
</testng-results>
