<?xml version="1.0" encoding="UTF-8"?>
<testng-results ignored="0" total="2" passed="2" failed="0" skipped="0">
  <reporter-output>
  </reporter-output>
  <suite started-at="2020-12-14T12:49:37Z" name="Gmail Test Suit" finished-at="2020-12-14T12:50:01Z" duration-ms="23912">
    <groups>
    </groups>
    <test started-at="2020-12-14T12:49:37Z" name="Test" finished-at="2020-12-14T12:50:01Z" duration-ms="23912">
      <class name="com.TC.GmailTest">
        <test-method is-config="true" signature="setup()[pri:0, instance:com.TC.GmailTest@13acb0d1]" started-at="2020-12-14T12:49:37Z" name="setup" finished-at="2020-12-14T12:49:40Z" duration-ms="3566" status="PASS">
          <reporter-output>
          </reporter-output>
        </test-method> <!-- setup -->
        <test-method signature="gmailTest()[pri:0, instance:com.TC.GmailTest@13acb0d1]" started-at="2020-12-14T12:49:40Z" name="gmailTest" finished-at="2020-12-14T12:49:48Z" duration-ms="8132" status="PASS">
          <reporter-output>
          </reporter-output>
        </test-method> <!-- gmailTest -->
        <test-method is-config="true" signature="tearDown()[pri:0, instance:com.TC.GmailTest@13acb0d1]" started-at="2020-12-14T12:49:48Z" name="tearDown" finished-at="2020-12-14T12:49:49Z" duration-ms="626" status="PASS">
          <reporter-output>
          </reporter-output>
        </test-method> <!-- tearDown -->
        <test-method is-config="true" signature="setup()[pri:0, instance:com.TC.GmailTest@13acb0d1]" started-at="2020-12-14T12:49:49Z" name="setup" finished-at="2020-12-14T12:49:52Z" duration-ms="3076" status="PASS">
          <reporter-output>
          </reporter-output>
        </test-method> <!-- setup -->
        <test-method signature="gmailTest1()[pri:0, instance:com.TC.GmailTest@13acb0d1]" started-at="2020-12-14T12:49:52Z" name="gmailTest1" finished-at="2020-12-14T12:49:59Z" duration-ms="7364" status="PASS">
          <reporter-output>
          </reporter-output>
        </test-method> <!-- gmailTest1 -->
        <test-method is-config="true" signature="tearDown()[pri:0, instance:com.TC.GmailTest@13acb0d1]" started-at="2020-12-14T12:49:59Z" name="tearDown" finished-at="2020-12-14T12:50:01Z" duration-ms="1126" status="PASS">
          <reporter-output>
          </reporter-output>
        </test-method> <!-- tearDown -->
      </class> <!-- com.TC.GmailTest -->
    </test> <!-- Test -->
  </suite> <!-- Gmail Test Suit -->
</testng-results>
